[2022-07-10 05:24:52] [34;1mGPU  0 [49C, fan 73%]      ethash: 28.97Mh/s, avg 28.93Mh/s, pool 28.12Mh/s a:811 r:3 hw:0[0m
[2022-07-10 05:24:52] [34;1mGPU  1 [50C, fan 73%]      ethash: 28.99Mh/s, avg 28.96Mh/s, pool 26.31Mh/s a:759 r:1 hw:0[0m
[2022-07-10 05:24:52] [34;1mTotal                      ethash: 57.96Mh/s, avg 57.88Mh/s, pool 54.43Mh/s a:1570 r:4[0m
[2022-07-10 05:24:52] [34;1m----------------------------------------- Pool Status ------------------------------------------[0m
[2022-07-10 05:24:52] [34;1meth.2miners.com            ethash: 57.99Mh/s, avg 57.30Mh/s, pool 54.43Mh/s a:1570 r:4[0m
[2022-07-10 05:24:52] [34;1m------------------------------------------------------------------------------------------------[0m
[2022-07-10 05:24:52] Pool eth.2miners.com received new job. (job_id: 0xb12d0c49e06..., diff 2.032 / 8726 MH)
[2022-07-10 05:24:59] Pool eth.2miners.com received new job. (job_id: 0x606c2247e78..., diff 2.032 / 8726 MH)
[2022-07-10 05:25:00] Pool eth.2miners.com received new job. (job_id: 0x001dfa4887f..., diff 2.032 / 8726 MH)
[2022-07-10 05:25:00] Pool eth.2miners.com received new job. (job_id: 0xd416bbb2e3a..., diff 2.032 / 8726 MH)
[2022-07-10 05:25:07] Pool eth.2miners.com received new job. (job_id: 0x092e8abc5c6..., diff 2.032 / 8726 MH)
[2022-07-10 05:25:07] Pool eth.2miners.com received new job. (job_id: 0x0570ebe6e4b..., diff 2.032 / 8726 MH)
[2022-07-10 05:25:12] Pool eth.2miners.com received new job. (job_id: 0xe91adf2ecd0..., diff 2.032 / 8726 MH)
[2022-07-10 05:25:15] Pool eth.2miners.com received new job. (job_id: 0x99139ca6df9..., diff 2.032 / 8726 MH)
[2022-07-10 05:25:15] Pool eth.2miners.com received new job. (job_id: 0xf3edf7d3b8f..., diff 2.032 / 8726 MH)
[2022-07-10 05:25:16] Pool eth.2miners.com received new job. (job_id: 0xd07fa3df570..., diff 2.032 / 8726 MH)
[2022-07-10 05:25:16] Pool eth.2miners.com received new job. (job_id: 0x54c093ba76e..., diff 2.032 / 8726 MH)
[2022-07-10 05:25:22] [34;1m------------------------------------------------------------------------------------------------[0m
[2022-07-10 05:25:22] [34;1mMining ethash with 2 GPU workers[0m
[2022-07-10 05:25:22] [34;1mGPU PCIe      CUs CoreMHz SocMHz MemMHz TEdge TJct  TMem  FanPct  FanRpm  VDDC   Power  ETH Cfg[0m
[2022-07-10 05:25:28] Pool eth.2miners.com received new job. (job_id: 0x72e39ec792f..., diff 2.032 / 8726 MH)
[2022-07-10 05:25:28] Pool eth.2miners.com received new job. (job_id: 0x940cf04b448..., diff 2.032 / 8726 MH)
[2022-07-10 05:25:28] Pool eth.2miners.com received new job. (job_id: 0xb1bc78f7582..., diff 2.032 / 8726 MH)
[2022-07-10 05:25:33] Pool eth.2miners.com received new job. (job_id: 0xdb479033e16..., diff 2.032 / 8726 MH)
[2022-07-10 05:25:34] Pool eth.2miners.com received new job. (job_id: 0xab3913038e4..., diff 2.032 / 8726 MH)
[2022-07-10 05:25:34] Pool eth.2miners.com received new job. (job_id: 0x0d9cc6e5ec7..., diff 2.032 / 8726 MH)
[2022-07-10 05:25:35] Pool eth.2miners.com received new job. (job_id: 0x8742ee5cd46..., diff 2.032 / 8726 MH)
[2022-07-10 05:25:36] Pool eth.2miners.com received new job. (job_id: 0x7854bf35a52..., diff 2.032 / 8726 MH)
[2022-07-10 05:25:42] Pool eth.2miners.com received new job. (job_id: 0x07854199833..., diff 2.032 / 8726 MH)
[2022-07-10 05:25:43] Pool eth.2miners.com received new job. (job_id: 0x668c521eaa7..., diff 2.032 / 8726 MH)
[2022-07-10 05:25:48] Pool eth.2miners.com received new job. (job_id: 0x6a517251fe4..., diff 2.032 / 8726 MH)
[2022-07-10 05:25:48] Pool eth.2miners.com received new job. (job_id: 0xeed4b7dfd6a..., diff 2.032 / 8726 MH)
[2022-07-10 05:25:58] Pool eth.2miners.com received new job. (job_id: 0xb290694098f..., diff 2.032 / 8726 MH)
[2022-07-10 05:26:02] Pool eth.2miners.com received new job. (job_id: 0xad9168162f8..., diff 2.032 / 8726 MH)
[2022-07-10 05:26:02] Pool eth.2miners.com received new job. (job_id: 0xbad8d041f8c..., diff 2.032 / 8726 MH)
[2022-07-10 05:26:07] [31;1mGPU 0 Gpu monitor stats refresh timed out, no data available.[0m
[2022-07-10 05:26:07] [31;1mGPU 0 Gpu monitor stats refresh timed out, no data available.[0m
[2022-07-10 05:26:07] [34;1m0   04:00.0   28  0       0      0       0C    0C    0C   0.00%      0      0 mV   0 W  A352[0m
[2022-07-10 05:26:07] [31;1mGPU 0 Gpu monitor stats refresh timed out, no data available.[0m
[2022-07-10 05:26:07] [31;1mGPU 1 Gpu monitor stats refresh timed out, no data available.[0m
[2022-07-10 05:26:07] [31;1mGPU 1 Gpu monitor stats refresh timed out, no data available.[0m
[2022-07-10 05:26:07] [31;1mWatchdog API alert: API thread seems stuck in states 2 / 3 since 35 secs.[0m
[2022-07-10 05:26:07] ERROR - gpu monitor refresh thread STUCK (45 secs, stuck at worker 1).
[2022-07-10 05:26:07] [31;1mGPU monitor alert: gpu driver stats refresh thread is stuck, triggering watchdog[0m
[2022-07-10 05:26:07] [31;1mGPU 1: detected DEAD (0a:00.0), will execute restart script watchdog.sh[0m
[2022-07-10 05:26:07] [34;1m1   0a:00.0   28  0       0      0       0C    0C    0C   0.00%      0      0 mV   0 W  A432[0m
[2022-07-10 05:26:07] [34;1m[0m
[2022-07-10 05:26:07] [34;1mStats Uptime: 2 days, 21:56:14[0m
[2022-07-10 05:26:07] [33;1mWatchdog script executor thread executing script 'watchdog.sh'[0m
[2022-07-10 05:26:07] [34;1m------------------------------------------------------------------------------------------------[0m
